2023-10-07T21:59:59.707+0800	[34mINFO[0m	gatewaysvr/main.go:20	log init success
2023-10-07T21:59:59.711+0800	[34mINFO[0m	utils/svr.go:49	NewSvrConn success
2023-10-07T21:59:59.712+0800	[34mINFO[0m	utils/svr.go:49	NewSvrConn success
2023-10-07T21:59:59.712+0800	[34mINFO[0m	utils/svr.go:49	NewSvrConn success
2023-10-07T21:59:59.712+0800	[34mINFO[0m	utils/svr.go:49	NewSvrConn success
2023-10-07T21:59:59.712+0800	[34mINFO[0m	utils/svr.go:49	NewSvrConn success
2023-10-07T21:59:59.712+0800	[34mINFO[0m	utils/svr.go:49	NewSvrConn success
[GIN-debug] [WARNING] Running in "debug" mode. Switch to "release" mode in production.
 - using env:	export GIN_MODE=release
 - using code:	gin.SetMode(gin.ReleaseMode)

[GIN-debug] POST   /douyin/user/register/    --> github.com/shixiaocaia/tiktok/cmd/gatewaysvr/controller.UserRegister (1 handlers)
[GIN-debug] POST   /douyin/user/login/       --> github.com/shixiaocaia/tiktok/cmd/gatewaysvr/controller.UserLogin (1 handlers)
[GIN-debug] GET    /douyin/user/             --> github.com/shixiaocaia/tiktok/cmd/gatewaysvr/controller.GetUserInfo (2 handlers)
[GIN-debug] POST   /douyin/publish/action/   --> github.com/shixiaocaia/tiktok/cmd/gatewaysvr/controller.PublishAction (2 handlers)
[GIN-debug] GET    /douyin/publish/list/     --> github.com/shixiaocaia/tiktok/cmd/gatewaysvr/controller.GetPublishList (2 handlers)
[GIN-debug] POST   /douyin/favorite/action/  --> github.com/shixiaocaia/tiktok/cmd/gatewaysvr/controller.FavoriteAction (2 handlers)
[GIN-debug] GET    /douyin/favorite/list/    --> github.com/shixiaocaia/tiktok/cmd/gatewaysvr/controller.FavoriteList (2 handlers)
[GIN-debug] POST   /douyin/comment/action/   --> github.com/shixiaocaia/tiktok/cmd/gatewaysvr/controller.CommentAction (2 handlers)
[GIN-debug] GET    /douyin/comment/list/     --> github.com/shixiaocaia/tiktok/cmd/gatewaysvr/controller.CommentList (2 handlers)
[GIN-debug] POST   /douyin/relation/action/  --> github.com/shixiaocaia/tiktok/cmd/gatewaysvr/controller.RelationAction (2 handlers)
[GIN-debug] GET    /douyin/relation/follow/list/ --> github.com/shixiaocaia/tiktok/cmd/gatewaysvr/controller.FollowList (2 handlers)
[GIN-debug] GET    /douyin/relation/follower/list/ --> github.com/shixiaocaia/tiktok/cmd/gatewaysvr/controller.FollowerList (2 handlers)
[GIN-debug] GET    /douyin/relation/friend/list/ --> github.com/shixiaocaia/tiktok/cmd/gatewaysvr/controller.FriendList (2 handlers)
[GIN-debug] GET    /douyin/message/chat/     --> github.com/shixiaocaia/tiktok/cmd/gatewaysvr/controller.MessageChat (2 handlers)
[GIN-debug] POST   /douyin/message/action/   --> github.com/shixiaocaia/tiktok/cmd/gatewaysvr/controller.MessageAction (2 handlers)
[GIN-debug] GET    /douyin/feed/             --> github.com/shixiaocaia/tiktok/cmd/gatewaysvr/controller.Feed (2 handlers)
[GIN-debug] [WARNING] You trusted all proxies, this is NOT safe. We recommend you to set a value.
Please check https://pkg.go.dev/github.com/gin-gonic/gin#readme-don-t-trust-all-proxies for details.
[GIN-debug] Listening and serving HTTP on :8005
2023-10-07T22:01:31.693+0800	[31mERROR[0m	controller/user.go:55	Register failed rpc error: code = Unavailable desc = error reading from server: EOF
2023/10/07 22:02:36 ERROR: [Consul resolver] Couldn't update client connection. error={bad resolver state}
2023/10/07 22:02:50 ERROR: [Consul resolver] Couldn't update client connection. error={bad resolver state}
2023/10/07 22:03:05 ERROR: [Consul resolver] Couldn't update client connection. error={bad resolver state}
2023/10/07 22:03:19 ERROR: [Consul resolver] Couldn't update client connection. error={bad resolver state}
2023/10/07 22:03:34 ERROR: [Consul resolver] Couldn't update client connection. error={bad resolver state}
2023/10/07 22:03:49 ERROR: [Consul resolver] Couldn't update client connection. error={bad resolver state}
2023/10/07 22:04:03 ERROR: [Consul resolver] Couldn't update client connection. error={bad resolver state}
2023/10/07 22:04:18 ERROR: [Consul resolver] Couldn't update client connection. error={bad resolver state}
2023/10/07 22:04:33 ERROR: [Consul resolver] Couldn't update client connection. error={bad resolver state}
2023/10/07 22:04:47 ERROR: [Consul resolver] Couldn't update client connection. error={bad resolver state}
2023/10/07 22:05:01 ERROR: [Consul resolver] Couldn't update client connection. error={bad resolver state}
2023/10/07 22:05:16 ERROR: [Consul resolver] Couldn't update client connection. error={bad resolver state}
2023/10/07 22:05:30 ERROR: [Consul resolver] Couldn't update client connection. error={bad resolver state}
2023/10/07 22:05:44 ERROR: [Consul resolver] Couldn't update client connection. error={bad resolver state}
2023/10/07 22:05:58 ERROR: [Consul resolver] Couldn't update client connection. error={bad resolver state}
2023/10/07 22:06:12 ERROR: [Consul resolver] Couldn't update client connection. error={bad resolver state}
2023/10/07 22:06:27 ERROR: [Consul resolver] Couldn't update client connection. error={bad resolver state}
2023/10/07 22:06:42 ERROR: [Consul resolver] Couldn't update client connection. error={bad resolver state}
2023/10/07 22:06:56 ERROR: [Consul resolver] Couldn't update client connection. error={bad resolver state}
2023/10/07 22:07:11 ERROR: [Consul resolver] Couldn't update client connection. error={bad resolver state}
2023/10/07 22:07:25 ERROR: [Consul resolver] Couldn't update client connection. error={bad resolver state}
2023/10/07 22:07:40 ERROR: [Consul resolver] Couldn't update client connection. error={bad resolver state}
2023-10-07T22:07:40.438+0800	[31mERROR[0m	controller/user.go:55	Register failed rpc error: code = Unavailable desc = last connection error: connection error: desc = "transport: Error while dialing: dial tcp 124.220.156.104:8000: connect: connection refused"; last resolver error: produced zero addresses
2023/10/07 22:07:54 ERROR: [Consul resolver] Couldn't update client connection. error={bad resolver state}
2023/10/07 22:08:08 ERROR: [Consul resolver] Couldn't update client connection. error={bad resolver state}
2023/10/07 22:08:23 ERROR: [Consul resolver] Couldn't update client connection. error={bad resolver state}
2023/10/07 22:08:37 ERROR: [Consul resolver] Couldn't update client connection. error={bad resolver state}
2023/10/07 22:08:51 ERROR: [Consul resolver] Couldn't update client connection. error={bad resolver state}
2023/10/07 22:09:06 ERROR: [Consul resolver] Couldn't update client connection. error={bad resolver state}
2023/10/07 22:09:20 ERROR: [Consul resolver] Couldn't update client connection. error={bad resolver state}
2023/10/07 22:09:34 ERROR: [Consul resolver] Couldn't update client connection. error={bad resolver state}
2023/10/07 22:09:49 ERROR: [Consul resolver] Couldn't update client connection. error={bad resolver state}
2023/10/07 22:10:03 ERROR: [Consul resolver] Couldn't update client connection. error={bad resolver state}
2023/10/07 22:10:18 ERROR: [Consul resolver] Couldn't update client connection. error={bad resolver state}
2023/10/07 22:10:32 ERROR: [Consul resolver] Couldn't update client connection. error={bad resolver state}
2023-10-07T22:11:01.470+0800	[31mERROR[0m	controller/user.go:55	Register failed rpc error: code = Unavailable desc = error reading from server: EOF
2023/10/07 22:12:06 ERROR: [Consul resolver] Couldn't update client connection. error={bad resolver state}
2023/10/07 22:12:21 ERROR: [Consul resolver] Couldn't update client connection. error={bad resolver state}
2023/10/07 22:12:35 ERROR: [Consul resolver] Couldn't update client connection. error={bad resolver state}
2023/10/07 22:12:50 ERROR: [Consul resolver] Couldn't update client connection. error={bad resolver state}
2023/10/07 22:13:04 ERROR: [Consul resolver] Couldn't update client connection. error={bad resolver state}
2023/10/07 22:13:18 ERROR: [Consul resolver] Couldn't update client connection. error={bad resolver state}
2023/10/07 22:13:32 ERROR: [Consul resolver] Couldn't update client connection. error={bad resolver state}
2023/10/07 22:13:47 ERROR: [Consul resolver] Couldn't update client connection. error={bad resolver state}
2023/10/07 22:14:01 ERROR: [Consul resolver] Couldn't update client connection. error={bad resolver state}
2023/10/07 22:14:16 ERROR: [Consul resolver] Couldn't update client connection. error={bad resolver state}
2023/10/07 22:14:30 ERROR: [Consul resolver] Couldn't update client connection. error={bad resolver state}
2023/10/07 22:14:44 ERROR: [Consul resolver] Couldn't update client connection. error={bad resolver state}
2023/10/07 22:14:59 ERROR: [Consul resolver] Couldn't update client connection. error={bad resolver state}
2023/10/07 22:15:13 ERROR: [Consul resolver] Couldn't update client connection. error={bad resolver state}
2023/10/07 22:15:27 ERROR: [Consul resolver] Couldn't update client connection. error={bad resolver state}
2023/10/07 22:15:42 ERROR: [Consul resolver] Couldn't update client connection. error={bad resolver state}
2023/10/07 22:15:57 ERROR: [Consul resolver] Couldn't update client connection. error={bad resolver state}
2023/10/07 22:16:11 ERROR: [Consul resolver] Couldn't update client connection. error={bad resolver state}
2023/10/07 22:16:26 ERROR: [Consul resolver] Couldn't update client connection. error={bad resolver state}
2023/10/07 22:16:40 ERROR: [Consul resolver] Couldn't update client connection. error={bad resolver state}
2023/10/07 22:16:54 ERROR: [Consul resolver] Couldn't update client connection. error={bad resolver state}
2023/10/07 22:17:09 ERROR: [Consul resolver] Couldn't update client connection. error={bad resolver state}
2023/10/07 22:17:23 ERROR: [Consul resolver] Couldn't update client connection. error={bad resolver state}
2023-10-07T22:17:42.935+0800	[31mERROR[0m	controller/user.go:55	Register failed rpc error: code = Unknown desc = username exists
2023/10/07 22:18:00 ERROR: [Consul resolver] Couldn't update client connection. error={bad resolver state}
2023/10/07 22:18:14 ERROR: [Consul resolver] Couldn't update client connection. error={bad resolver state}
2023/10/07 22:18:28 ERROR: [Consul resolver] Couldn't update client connection. error={bad resolver state}
2023/10/07 22:18:43 ERROR: [Consul resolver] Couldn't update client connection. error={bad resolver state}
2023/10/07 22:18:58 ERROR: [Consul resolver] Couldn't update client connection. error={bad resolver state}
2023/10/07 22:19:12 ERROR: [Consul resolver] Couldn't update client connection. error={bad resolver state}
2023/10/07 22:19:27 ERROR: [Consul resolver] Couldn't update client connection. error={bad resolver state}
2023/10/07 22:19:41 ERROR: [Consul resolver] Couldn't update client connection. error={bad resolver state}
2023/10/07 22:19:56 ERROR: [Consul resolver] Couldn't update client connection. error={bad resolver state}
2023/10/07 22:20:11 ERROR: [Consul resolver] Couldn't update client connection. error={bad resolver state}
2023/10/07 22:20:25 ERROR: [Consul resolver] Couldn't update client connection. error={bad resolver state}
2023/10/07 22:20:39 ERROR: [Consul resolver] Couldn't update client connection. error={bad resolver state}
2023/10/07 22:20:54 ERROR: [Consul resolver] Couldn't update client connection. error={bad resolver state}
2023/10/07 22:21:09 ERROR: [Consul resolver] Couldn't update client connection. error={bad resolver state}
2023/10/07 22:21:23 ERROR: [Consul resolver] Couldn't update client connection. error={bad resolver state}
2023/10/07 22:21:37 ERROR: [Consul resolver] Couldn't update client connection. error={bad resolver state}
2023/10/07 22:21:52 ERROR: [Consul resolver] Couldn't update client connection. error={bad resolver state}
2023/10/07 22:22:07 ERROR: [Consul resolver] Couldn't update client connection. error={bad resolver state}
2023/10/07 22:22:21 ERROR: [Consul resolver] Couldn't update client connection. error={bad resolver state}
2023/10/07 22:22:36 ERROR: [Consul resolver] Couldn't update client connection. error={bad resolver state}
2023/10/07 22:22:50 ERROR: [Consul resolver] Couldn't update client connection. error={bad resolver state}
2023/10/07 22:23:05 ERROR: [Consul resolver] Couldn't update client connection. error={bad resolver state}
2023/10/07 22:23:20 ERROR: [Consul resolver] Couldn't update client connection. error={bad resolver state}
2023/10/07 22:23:34 ERROR: [Consul resolver] Couldn't update client connection. error={bad resolver state}
2023/10/07 22:23:49 ERROR: [Consul resolver] Couldn't update client connection. error={bad resolver state}
2023/10/07 22:24:03 ERROR: [Consul resolver] Couldn't update client connection. error={bad resolver state}
2023/10/07 22:24:18 ERROR: [Consul resolver] Couldn't update client connection. error={bad resolver state}
2023/10/07 22:24:33 ERROR: [Consul resolver] Couldn't update client connection. error={bad resolver state}
2023/10/07 22:24:47 ERROR: [Consul resolver] Couldn't update client connection. error={bad resolver state}
2023/10/07 22:25:01 ERROR: [Consul resolver] Couldn't update client connection. error={bad resolver state}
2023/10/07 22:25:15 ERROR: [Consul resolver] Couldn't update client connection. error={bad resolver state}
2023/10/07 22:25:30 ERROR: [Consul resolver] Couldn't update client connection. error={bad resolver state}
2023/10/07 22:25:45 ERROR: [Consul resolver] Couldn't update client connection. error={bad resolver state}
2023/10/07 22:25:59 ERROR: [Consul resolver] Couldn't update client connection. error={bad resolver state}
2023/10/07 22:26:13 ERROR: [Consul resolver] Couldn't update client connection. error={bad resolver state}
2023/10/07 22:26:27 ERROR: [Consul resolver] Couldn't update client connection. error={bad resolver state}
2023/10/07 22:26:41 ERROR: [Consul resolver] Couldn't update client connection. error={bad resolver state}
2023/10/07 22:26:55 ERROR: [Consul resolver] Couldn't update client connection. error={bad resolver state}
2023/10/07 22:27:10 ERROR: [Consul resolver] Couldn't update client connection. error={bad resolver state}
2023/10/07 22:27:25 ERROR: [Consul resolver] Couldn't update client connection. error={bad resolver state}
2023/10/07 22:27:39 ERROR: [Consul resolver] Couldn't update client connection. error={bad resolver state}
2023/10/07 22:27:54 ERROR: [Consul resolver] Couldn't update client connection. error={bad resolver state}
2023/10/07 22:28:09 ERROR: [Consul resolver] Couldn't update client connection. error={bad resolver state}
2023/10/07 22:28:23 ERROR: [Consul resolver] Couldn't update client connection. error={bad resolver state}
2023/10/07 22:28:38 ERROR: [Consul resolver] Couldn't update client connection. error={bad resolver state}
2023/10/07 22:28:52 ERROR: [Consul resolver] Couldn't update client connection. error={bad resolver state}
2023/10/07 22:29:07 ERROR: [Consul resolver] Couldn't update client connection. error={bad resolver state}
2023/10/07 22:29:21 ERROR: [Consul resolver] Couldn't update client connection. error={bad resolver state}
2023/10/07 22:29:35 ERROR: [Consul resolver] Couldn't update client connection. error={bad resolver state}
2023/10/07 22:29:49 ERROR: [Consul resolver] Couldn't update client connection. error={bad resolver state}
