2023-10-07T21:59:59.599+0800	[34mINFO[0m	usersvr/main.go:30	log init success
2023-10-07T21:59:59.608+0800	[34mINFO[0m	usersvr/main.go:57	Init Consul Register success
2023-10-07T21:59:59.608+0800	[34mINFO[0m	usersvr/main.go:60	TikTokLite.userSvr listening on 124.220.156.104:8000
2023-10-07T22:01:30.307+0800	[34mINFO[0m	mysql/mysql.go:27	mysql addr:root:123456@(124.220.156.104:8086)/tiktok_mysql?charset=utf8&parseTime=True&loc=Local

2023/10/07 22:01:30 [35m/home/ubuntu/go/src/tiktok/cmd/usersvr/dao/mysql/mysql.go:29
[0m[31m[error] [0mfailed to initialize database, got error Error 1049 (42000): Unknown database 'tiktok_mysql'
panic: failed to connect to mysql

goroutine 100 [running]:
panic({0xadf520, 0xce1630})
	/usr/local/go/src/runtime/panic.go:987 +0x3bb fp=0xc00011b750 sp=0xc00011b690 pc=0x435afb
github.com/shixiaocaia/tiktok/cmd/usersvr/dao/mysql.openDB()
	/home/ubuntu/go/src/tiktok/cmd/usersvr/dao/mysql/mysql.go:31 +0x3de fp=0xc00011b858 sp=0xc00011b750 pc=0x8ecd5e
sync.(*Once).doSlow(0xc00049d970?, 0x415b30?)
	/usr/local/go/src/sync/once.go:74 +0xc2 fp=0xc00011b8b8 sp=0xc00011b858 pc=0x483062
sync.(*Once).Do(...)
	/usr/local/go/src/sync/once.go:65
github.com/shixiaocaia/tiktok/cmd/usersvr/dao/mysql.GetDB(...)
	/home/ubuntu/go/src/tiktok/cmd/usersvr/dao/mysql/mysql.go:53
github.com/shixiaocaia/tiktok/cmd/usersvr/dao.UserNameIsExist({0xc00003c18c, 0x4})
	/home/ubuntu/go/src/tiktok/cmd/usersvr/dao/user.go:13 +0x45 fp=0xc00011b930 sp=0xc00011b8b8 pc=0x90d6e5
github.com/shixiaocaia/tiktok/cmd/usersvr/service.UserService.Register({{}}, {0xb82780?, 0xba3a60?}, 0xc0000c0500)
	/home/ubuntu/go/src/tiktok/cmd/usersvr/service/user.go:21 +0x3b fp=0xc00011b9e8 sp=0xc00011b930 pc=0xa78e1b
github.com/shixiaocaia/tiktok/cmd/usersvr/service.(*UserService).Register(0xb7a8c0?, {0xce9790?, 0xc000376240?}, 0x0?)
	<autogenerated>:1 +0x3a fp=0xc00011ba10 sp=0xc00011b9e8 pc=0xa7a0fa
github.com/shixiaocaia/tiktok/pkg/pb._UserService_Register_Handler({0xba3a60?, 0x1181898}, {0xce9790, 0xc000376240}, 0xc0002e40e0, 0x0)
	/home/ubuntu/go/src/tiktok/pkg/pb/user_grpc.pb.go:307 +0x170 fp=0xc00011ba68 sp=0xc00011ba10 pc=0xa6a9d0
google.golang.org/grpc.(*Server).processUnaryRPC(0xc0000a83c0, {0xced018, 0xc000007ba0}, 0xc0000c8480, 0xc00025a0f0, 0x1143f28, 0x0)
	/home/ubuntu/go/pkg/mod/google.golang.org/grpc@v1.57.0/server.go:1360 +0xe23 fp=0xc00011be48 sp=0xc00011ba68 pc=0xa4a803
google.golang.org/grpc.(*Server).handleStream(0xc0000a83c0, {0xced018, 0xc000007ba0}, 0xc0000c8480, 0x0)
	/home/ubuntu/go/pkg/mod/google.golang.org/grpc@v1.57.0/server.go:1737 +0xa36 fp=0xc00011bf68 sp=0xc00011be48 pc=0xa4f956
google.golang.org/grpc.(*Server).serveStreams.func1.1()
	/home/ubuntu/go/pkg/mod/google.golang.org/grpc@v1.57.0/server.go:982 +0x98 fp=0xc00011bfe0 sp=0xc00011bf68 pc=0xa481d8
runtime.goexit()
	/usr/local/go/src/runtime/asm_amd64.s:1598 +0x1 fp=0xc00011bfe8 sp=0xc00011bfe0 pc=0x4682e1
created by google.golang.org/grpc.(*Server).serveStreams.func1
	/home/ubuntu/go/pkg/mod/google.golang.org/grpc@v1.57.0/server.go:980 +0x18c

goroutine 1 [chan receive]:
runtime.gopark(0xc00020fc50?, 0xc00020fca8?, 0x73?, 0x4b?, 0xc00020fca8?)
	/usr/local/go/src/runtime/proc.go:381 +0xd6 fp=0xc00050fc78 sp=0xc00050fc58 pc=0x438c96
runtime.chanrecv(0xc0000908a0, 0x0, 0x1)
	/usr/local/go/src/runtime/chan.go:583 +0x49d fp=0xc00050fd08 sp=0xc00050fc78 pc=0x406f9d
runtime.chanrecv1(0xc0000908a0?, 0xc00020fe90?)
	/usr/local/go/src/runtime/chan.go:442 +0x18 fp=0xc00050fd30 sp=0xc00050fd08 pc=0x406a98
main.Run()
	/home/ubuntu/go/src/tiktok/cmd/usersvr/main.go:71 +0x6d4 fp=0xc00050ff00 sp=0xc00050fd30 pc=0xa7e0d4
main.main()
	/home/ubuntu/go/src/tiktok/cmd/usersvr/main.go:87 +0x45 fp=0xc00050ff80 sp=0xc00050ff00 pc=0xa7e325
runtime.main()
	/usr/local/go/src/runtime/proc.go:250 +0x207 fp=0xc00050ffe0 sp=0xc00050ff80 pc=0x438867
runtime.goexit()
	/usr/local/go/src/runtime/asm_amd64.s:1598 +0x1 fp=0xc00050ffe8 sp=0xc00050ffe0 pc=0x4682e1

goroutine 2 [force gc (idle)]:
runtime.gopark(0x0?, 0x0?, 0x0?, 0x0?, 0x0?)
	/usr/local/go/src/runtime/proc.go:381 +0xd6 fp=0xc000058fb0 sp=0xc000058f90 pc=0x438c96
runtime.goparkunlock(...)
	/usr/local/go/src/runtime/proc.go:387
runtime.forcegchelper()
	/usr/local/go/src/runtime/proc.go:305 +0xb0 fp=0xc000058fe0 sp=0xc000058fb0 pc=0x438ad0
runtime.goexit()
	/usr/local/go/src/runtime/asm_amd64.s:1598 +0x1 fp=0xc000058fe8 sp=0xc000058fe0 pc=0x4682e1
created by runtime.init.6
	/usr/local/go/src/runtime/proc.go:293 +0x25

goroutine 3 [GC sweep wait]:
runtime.gopark(0x1?, 0x0?, 0x0?, 0x0?, 0x0?)
	/usr/local/go/src/runtime/proc.go:381 +0xd6 fp=0xc000059780 sp=0xc000059760 pc=0x438c96
runtime.goparkunlock(...)
	/usr/local/go/src/runtime/proc.go:387
runtime.bgsweep(0x0?)
	/usr/local/go/src/runtime/mgcsweep.go:319 +0xde fp=0xc0000597c8 sp=0xc000059780 pc=0x42405e
runtime.gcenable.func1()
	/usr/local/go/src/runtime/mgc.go:178 +0x26 fp=0xc0000597e0 sp=0xc0000597c8 pc=0x4192c6
runtime.goexit()
	/usr/local/go/src/runtime/asm_amd64.s:1598 +0x1 fp=0xc0000597e8 sp=0xc0000597e0 pc=0x4682e1
created by runtime.gcenable
	/usr/local/go/src/runtime/mgc.go:178 +0x6b

goroutine 4 [GC scavenge wait]:
runtime.gopark(0xc000076000?, 0xcde378?, 0x0?, 0x0?, 0x0?)
	/usr/local/go/src/runtime/proc.go:381 +0xd6 fp=0xc000059f70 sp=0xc000059f50 pc=0x438c96
runtime.goparkunlock(...)
	/usr/local/go/src/runtime/proc.go:387
runtime.(*scavengerState).park(0x1152640)
	/usr/local/go/src/runtime/mgcscavenge.go:400 +0x53 fp=0xc000059fa0 sp=0xc000059f70 pc=0x421f33
runtime.bgscavenge(0x0?)
	/usr/local/go/src/runtime/mgcscavenge.go:633 +0x65 fp=0xc000059fc8 sp=0xc000059fa0 pc=0x422525
runtime.gcenable.func2()
	/usr/local/go/src/runtime/mgc.go:179 +0x26 fp=0xc000059fe0 sp=0xc000059fc8 pc=0x419266
runtime.goexit()
	/usr/local/go/src/runtime/asm_amd64.s:1598 +0x1 fp=0xc000059fe8 sp=0xc000059fe0 pc=0x4682e1
created by runtime.gcenable
	/usr/local/go/src/runtime/mgc.go:179 +0xaa

goroutine 17 [finalizer wait]:
runtime.gopark(0x439012?, 0x7ff0cd5c5b88?, 0x0?, 0x0?, 0xc000058770?)
	/usr/local/go/src/runtime/proc.go:381 +0xd6 fp=0xc000058628 sp=0xc000058608 pc=0x438c96
runtime.runfinq()
	/usr/local/go/src/runtime/mfinal.go:193 +0x107 fp=0xc0000587e0 sp=0xc000058628 pc=0x418307
runtime.goexit()
	/usr/local/go/src/runtime/asm_amd64.s:1598 +0x1 fp=0xc0000587e8 sp=0xc0000587e0 pc=0x4682e1
created by runtime.createfing
	/usr/local/go/src/runtime/mfinal.go:163 +0x45

goroutine 18 [semacquire]:
runtime.gopark(0xb6f4e0?, 0x1157828?, 0x40?, 0xe8?, 0x449c95?)
	/usr/local/go/src/runtime/proc.go:381 +0xd6 fp=0xc000054658 sp=0xc000054638 pc=0x438c96
runtime.goparkunlock(...)
	/usr/local/go/src/runtime/proc.go:387
runtime.semacquire1(0xc0001a9c58, 0x0?, 0x1, 0x0, 0x10?)
	/usr/local/go/src/runtime/sema.go:160 +0x20f fp=0xc0000546c0 sp=0xc000054658 pc=0x4499ef
sync.runtime_Semacquire(0x578b80?)
	/usr/local/go/src/runtime/sema.go:62 +0x27 fp=0xc0000546f8 sp=0xc0000546c0 pc=0x464587
sync.(*WaitGroup).Wait(0xc0001a9bd0?)
	/usr/local/go/src/sync/waitgroup.go:116 +0x4b fp=0xc000054720 sp=0xc0000546f8 pc=0x4847cb
github.com/spf13/viper.(*Viper).WatchConfig.func1()
	/home/ubuntu/go/pkg/mod/github.com/spf13/viper@v1.16.0/viper.go:500 +0x37d fp=0xc0000547e0 sp=0xc000054720 pc=0x7d7b3d
runtime.goexit()
	/usr/local/go/src/runtime/asm_amd64.s:1598 +0x1 fp=0xc0000547e8 sp=0xc0000547e0 pc=0x4682e1
created by github.com/spf13/viper.(*Viper).WatchConfig
	/home/ubuntu/go/pkg/mod/github.com/spf13/viper@v1.16.0/viper.go:440 +0x8d

goroutine 19 [IO wait]:
runtime.gopark(0x0?, 0xb?, 0x0?, 0x0?, 0x3?)
	/usr/local/go/src/runtime/proc.go:381 +0xd6 fp=0xc00028fcc8 sp=0xc00028fca8 pc=0x438c96
runtime.netpollblock(0x4b88e5?, 0x40482f?, 0x0?)
	/usr/local/go/src/runtime/netpoll.go:527 +0xf7 fp=0xc00028fd00 sp=0xc00028fcc8 pc=0x4312b7
internal/poll.runtime_pollWait(0x7ff0cd5e92d8, 0x72)
	/usr/local/go/src/runtime/netpoll.go:306 +0x89 fp=0xc00028fd20 sp=0xc00028fd00 pc=0x462d69
internal/poll.(*pollDesc).wait(0xc0000ae7e0?, 0xc00028fed0?, 0x1)
	/usr/local/go/src/internal/poll/fd_poll_runtime.go:84 +0x32 fp=0xc00028fd48 sp=0xc00028fd20 pc=0x4d4cb2
internal/poll.(*pollDesc).waitRead(...)
	/usr/local/go/src/internal/poll/fd_poll_runtime.go:89
internal/poll.(*FD).Read(0xc0000ae7e0, {0xc00028fed0, 0x10000, 0x10000})
	/usr/local/go/src/internal/poll/fd_unix.go:167 +0x299 fp=0xc00028fde0 sp=0xc00028fd48 pc=0x4d6099
os.(*File).read(...)
	/usr/local/go/src/os/file_posix.go:31
os.(*File).Read(0xc0000aceb0, {0xc00028fed0?, 0x0?, 0x0?})
	/usr/local/go/src/os/file.go:118 +0x5e fp=0xc00028fe38 sp=0xc00028fde0 pc=0x4e0d5e
github.com/fsnotify/fsnotify.(*Watcher).readEvents(0xc0001beb40)
	/home/ubuntu/go/pkg/mod/github.com/fsnotify/fsnotify@v1.6.0/backend_inotify.go:356 +0xdf fp=0xc00029ffc8 sp=0xc00028fe38 pc=0x578cbf
github.com/fsnotify/fsnotify.NewWatcher.func1()
	/home/ubuntu/go/pkg/mod/github.com/fsnotify/fsnotify@v1.6.0/backend_inotify.go:150 +0x26 fp=0xc00029ffe0 sp=0xc00029ffc8 pc=0x5786e6
runtime.goexit()
	/usr/local/go/src/runtime/asm_amd64.s:1598 +0x1 fp=0xc00029ffe8 sp=0xc00029ffe0 pc=0x4682e1
created by github.com/fsnotify/fsnotify.NewWatcher
	/home/ubuntu/go/pkg/mod/github.com/fsnotify/fsnotify@v1.6.0/backend_inotify.go:150 +0x1b0

goroutine 20 [select]:
runtime.gopark(0xc0000557b0?, 0x2?, 0x0?, 0x0?, 0xc000055734?)
	/usr/local/go/src/runtime/proc.go:381 +0xd6 fp=0xc000055598 sp=0xc000055578 pc=0x438c96
runtime.selectgo(0xc0000557b0, 0xc000055730, 0x0?, 0x0, 0x0?, 0x1)
	/usr/local/go/src/runtime/select.go:327 +0x7be fp=0xc0000556d8 sp=0xc000055598 pc=0x4488fe
github.com/spf13/viper.(*Viper).WatchConfig.func1.1()
	/home/ubuntu/go/pkg/mod/github.com/spf13/viper@v1.16.0/viper.go:463 +0x105 fp=0xc0000557e0 sp=0xc0000556d8 pc=0x7d7ca5
runtime.goexit()
	/usr/local/go/src/runtime/asm_amd64.s:1598 +0x1 fp=0xc0000557e8 sp=0xc0000557e0 pc=0x4682e1
created by github.com/spf13/viper.(*Viper).WatchConfig.func1
	/home/ubuntu/go/pkg/mod/github.com/spf13/viper@v1.16.0/viper.go:461 +0x34a

goroutine 21 [chan receive]:
runtime.gopark(0xad5ea0?, 0xc000092faf?, 0x80?, 0xed?, 0x0?)
	/usr/local/go/src/runtime/proc.go:381 +0xd6 fp=0xc000092ee0 sp=0xc000092ec0 pc=0x438c96
runtime.chanrecv(0xc00011ed20, 0xc000092faf, 0x1)
	/usr/local/go/src/runtime/chan.go:583 +0x49d fp=0xc000092f70 sp=0xc000092ee0 pc=0x406f9d
runtime.chanrecv2(0xc0000ae8a0?, 0x0?)
	/usr/local/go/src/runtime/chan.go:447 +0x18 fp=0xc000092f98 sp=0xc000092f70 pc=0x406ad8
gopkg.in/natefinch/lumberjack%2ev2.(*Logger).millRun(0xc0000ae8a0)
	/home/ubuntu/go/pkg/mod/gopkg.in/natefinch/lumberjack.v2@v2.2.1/lumberjack.go:379 +0x45 fp=0xc000092fc8 sp=0xc000092f98 pc=0x804985
gopkg.in/natefinch/lumberjack%2ev2.(*Logger).mill.func1.1()
	/home/ubuntu/go/pkg/mod/gopkg.in/natefinch/lumberjack.v2@v2.2.1/lumberjack.go:390 +0x26 fp=0xc000092fe0 sp=0xc000092fc8 pc=0x804b46
runtime.goexit()
	/usr/local/go/src/runtime/asm_amd64.s:1598 +0x1 fp=0xc000092fe8 sp=0xc000092fe0 pc=0x4682e1
created by gopkg.in/natefinch/lumberjack%2ev2.(*Logger).mill.func1
	/home/ubuntu/go/pkg/mod/gopkg.in/natefinch/lumberjack.v2@v2.2.1/lumberjack.go:390 +0x96

goroutine 7 [syscall]:
runtime.notetsleepg(0xc0000a83c0?, 0xce8e40?)
	/usr/local/go/src/runtime/lock_futex.go:236 +0x34 fp=0xc000056fa0 sp=0xc000056f68 pc=0x40c3f4
os/signal.signal_recv()
	/usr/local/go/src/runtime/sigqueue.go:152 +0x2f fp=0xc000056fc0 sp=0xc000056fa0 pc=0x464daf
os/signal.loop()
	/usr/local/go/src/os/signal/signal_unix.go:23 +0x19 fp=0xc000056fe0 sp=0xc000056fc0 pc=0x8f4f79
runtime.goexit()
	/usr/local/go/src/runtime/asm_amd64.s:1598 +0x1 fp=0xc000056fe8 sp=0xc000056fe0 pc=0x4682e1
created by os/signal.Notify.func1.1
	/usr/local/go/src/os/signal/signal.go:151 +0x2a

goroutine 91 [GC worker (idle)]:
runtime.gopark(0x71afb18a9dd85?, 0xc0000120f8?, 0xc0?, 0x25?, 0xc00025dc2c?)
	/usr/local/go/src/runtime/proc.go:381 +0xd6 fp=0xc00005b750 sp=0xc00005b730 pc=0x438c96
runtime.gcBgMarkWorker()
	/usr/local/go/src/runtime/mgc.go:1275 +0xf1 fp=0xc00005b7e0 sp=0xc00005b750 pc=0x41b031
runtime.goexit()
	/usr/local/go/src/runtime/asm_amd64.s:1598 +0x1 fp=0xc00005b7e8 sp=0xc00005b7e0 pc=0x4682e1
created by runtime.gcBgMarkStartWorkers
	/usr/local/go/src/runtime/mgc.go:1199 +0x25

goroutine 24 [IO wait]:
runtime.gopark(0x0?, 0x0?, 0x0?, 0x0?, 0x0?)
	/usr/local/go/src/runtime/proc.go:381 +0xd6 fp=0xc000095c20 sp=0xc000095c00 pc=0x438c96
runtime.netpollblock(0x7ff0f4964228?, 0x40482f?, 0x0?)
	/usr/local/go/src/runtime/netpoll.go:527 +0xf7 fp=0xc000095c58 sp=0xc000095c20 pc=0x4312b7
internal/poll.runtime_pollWait(0x7ff0cd5e91e8, 0x72)
	/usr/local/go/src/runtime/netpoll.go:306 +0x89 fp=0xc000095c78 sp=0xc000095c58 pc=0x462d69
internal/poll.(*pollDesc).wait(0xc0001ad880?, 0x4?, 0x0)
	/usr/local/go/src/internal/poll/fd_poll_runtime.go:84 +0x32 fp=0xc000095ca0 sp=0xc000095c78 pc=0x4d4cb2
internal/poll.(*pollDesc).waitRead(...)
	/usr/local/go/src/internal/poll/fd_poll_runtime.go:89
internal/poll.(*FD).Accept(0xc0001ad880)
	/usr/local/go/src/internal/poll/fd_unix.go:614 +0x2bd fp=0xc000095d48 sp=0xc000095ca0 pc=0x4da5bd
net.(*netFD).accept(0xc0001ad880)
	/usr/local/go/src/net/fd_unix.go:172 +0x35 fp=0xc000095e00 sp=0xc000095d48 pc=0x54ea35
net.(*TCPListener).accept(0xc0000a56b0)
	/usr/local/go/src/net/tcpsock_posix.go:148 +0x25 fp=0xc000095e28 sp=0xc000095e00 pc=0x5670c5
net.(*TCPListener).Accept(0xc0000a56b0)
	/usr/local/go/src/net/tcpsock.go:297 +0x3d fp=0xc000095e58 sp=0xc000095e28 pc=0x5661bd
google.golang.org/grpc.(*Server).Serve(0xc0000a83c0, {0xce8e40?, 0xc0000a56b0})
	/home/ubuntu/go/pkg/mod/google.golang.org/grpc@v1.57.0/server.go:844 +0x475 fp=0xc000095fa0 sp=0xc000095e58 pc=0xa46df5
main.Run.func1()
	/home/ubuntu/go/src/tiktok/cmd/usersvr/main.go:62 +0x32 fp=0xc000095fe0 sp=0xc000095fa0 pc=0xa7e252
runtime.goexit()
	/usr/local/go/src/runtime/asm_amd64.s:1598 +0x1 fp=0xc000095fe8 sp=0xc000095fe0 pc=0x4682e1
created by main.Run
	/home/ubuntu/go/src/tiktok/cmd/usersvr/main.go:61 +0x64f

goroutine 25 [select, locked to thread]:
runtime.gopark(0xc0000577a8?, 0x2?, 0x70?, 0x23?, 0xc0000577a4?)
	/usr/local/go/src/runtime/proc.go:381 +0xd6 fp=0xc000057618 sp=0xc0000575f8 pc=0x438c96
runtime.selectgo(0xc0000577a8, 0xc0000577a0, 0x0?, 0x0, 0x0?, 0x1)
	/usr/local/go/src/runtime/select.go:327 +0x7be fp=0xc000057758 sp=0xc000057618 pc=0x4488fe
runtime.ensureSigM.func1()
	/usr/local/go/src/runtime/signal_unix.go:1004 +0x1b0 fp=0xc0000577e0 sp=0xc000057758 pc=0x460790
runtime.goexit()
	/usr/local/go/src/runtime/asm_amd64.s:1598 +0x1 fp=0xc0000577e8 sp=0xc0000577e0 pc=0x4682e1
created by runtime.ensureSigM
	/usr/local/go/src/runtime/signal_unix.go:987 +0xbd

goroutine 9 [select]:
runtime.gopark(0xc0004a9f00?, 0x2?, 0x63?, 0x84?, 0xc0004a9ed4?)
	/usr/local/go/src/runtime/proc.go:381 +0xd6 fp=0xc0004a9d60 sp=0xc0004a9d40 pc=0x438c96
runtime.selectgo(0xc0004a9f00, 0xc0004a9ed0, 0x5707e9?, 0x0, 0xc0002ce000?, 0x1)
	/usr/local/go/src/runtime/select.go:327 +0x7be fp=0xc0004a9ea0 sp=0xc0004a9d60 pc=0x4488fe
google.golang.org/grpc/internal/transport.(*controlBuffer).get(0xc00007c0a0, 0x1)
	/home/ubuntu/go/pkg/mod/google.golang.org/grpc@v1.57.0/internal/transport/controlbuf.go:418 +0x115 fp=0xc0004a9f30 sp=0xc0004a9ea0 pc=0x9f51b5
google.golang.org/grpc/internal/transport.(*loopyWriter).run(0xc00021b8f0)
	/home/ubuntu/go/pkg/mod/google.golang.org/grpc@v1.57.0/internal/transport/controlbuf.go:552 +0x91 fp=0xc0004a9f90 sp=0xc0004a9f30 pc=0x9f5931
google.golang.org/grpc/internal/transport.NewServerTransport.func2()
	/home/ubuntu/go/pkg/mod/google.golang.org/grpc@v1.57.0/internal/transport/http2_server.go:341 +0xda fp=0xc0004a9fe0 sp=0xc0004a9f90 pc=0xa0d31a
runtime.goexit()
	/usr/local/go/src/runtime/asm_amd64.s:1598 +0x1 fp=0xc0004a9fe8 sp=0xc0004a9fe0 pc=0x4682e1
created by google.golang.org/grpc/internal/transport.NewServerTransport
	/home/ubuntu/go/pkg/mod/google.golang.org/grpc@v1.57.0/internal/transport/http2_server.go:338 +0x1bb3

goroutine 10 [select]:
runtime.gopark(0xc000056770?, 0x4?, 0x10?, 0x0?, 0xc0000566c0?)
	/usr/local/go/src/runtime/proc.go:381 +0xd6 fp=0xc000056508 sp=0xc0000564e8 pc=0x438c96
runtime.selectgo(0xc000056770, 0xc0000566b8, 0xc0002ac0c0?, 0x0, 0xffffffffffffffff?, 0x1)
	/usr/local/go/src/runtime/select.go:327 +0x7be fp=0xc000056648 sp=0xc000056508 pc=0x4488fe
google.golang.org/grpc/internal/transport.(*http2Server).keepalive(0xc000007ba0)
	/home/ubuntu/go/pkg/mod/google.golang.org/grpc@v1.57.0/internal/transport/http2_server.go:1155 +0x233 fp=0xc0000567c8 sp=0xc000056648 pc=0xa149f3
google.golang.org/grpc/internal/transport.NewServerTransport.func4()
	/home/ubuntu/go/pkg/mod/google.golang.org/grpc@v1.57.0/internal/transport/http2_server.go:344 +0x26 fp=0xc0000567e0 sp=0xc0000567c8 pc=0xa0d206
runtime.goexit()
	/usr/local/go/src/runtime/asm_amd64.s:1598 +0x1 fp=0xc0000567e8 sp=0xc0000567e0 pc=0x4682e1
created by google.golang.org/grpc/internal/transport.NewServerTransport
	/home/ubuntu/go/pkg/mod/google.golang.org/grpc@v1.57.0/internal/transport/http2_server.go:344 +0x1bf8

goroutine 11 [IO wait]:
runtime.gopark(0x100000008?, 0xb?, 0x0?, 0x0?, 0xa?)
	/usr/local/go/src/runtime/proc.go:381 +0xd6 fp=0xc0002c2aa0 sp=0xc0002c2a80 pc=0x438c96
runtime.netpollblock(0x4b88e5?, 0x40482f?, 0x0?)
	/usr/local/go/src/runtime/netpoll.go:527 +0xf7 fp=0xc0002c2ad8 sp=0xc0002c2aa0 pc=0x4312b7
internal/poll.runtime_pollWait(0x7ff0cd5e9008, 0x72)
	/usr/local/go/src/runtime/netpoll.go:306 +0x89 fp=0xc0002c2af8 sp=0xc0002c2ad8 pc=0x462d69
internal/poll.(*pollDesc).wait(0xc0002bc000?, 0xc0002c6000?, 0x0)
	/usr/local/go/src/internal/poll/fd_poll_runtime.go:84 +0x32 fp=0xc0002c2b20 sp=0xc0002c2af8 pc=0x4d4cb2
internal/poll.(*pollDesc).waitRead(...)
	/usr/local/go/src/internal/poll/fd_poll_runtime.go:89
internal/poll.(*FD).Read(0xc0002bc000, {0xc0002c6000, 0x8000, 0x8000})
	/usr/local/go/src/internal/poll/fd_unix.go:167 +0x299 fp=0xc0002c2bb8 sp=0xc0002c2b20 pc=0x4d6099
net.(*netFD).Read(0xc0002bc000, {0xc0002c6000?, 0x1060100000000?, 0x8?})
	/usr/local/go/src/net/fd_posix.go:55 +0x29 fp=0xc0002c2c00 sp=0xc0002c2bb8 pc=0x54c8a9
net.(*conn).Read(0xc000012020, {0xc0002c6000?, 0x18?, 0xc00005c400?})
	/usr/local/go/src/net/net.go:183 +0x45 fp=0xc0002c2c48 sp=0xc0002c2c00 pc=0x55e285
net.(*TCPConn).Read(0x800010601?, {0xc0002c6000?, 0x0?, 0xc0002c2ca8?})
	<autogenerated>:1 +0x29 fp=0xc0002c2c78 sp=0xc0002c2c48 pc=0x5704e9
bufio.(*Reader).Read(0xc00007a300, {0xc0002de040, 0x9, 0x0?})
	/usr/local/go/src/bufio/bufio.go:237 +0x1bb fp=0xc0002c2cb0 sp=0xc0002c2c78 pc=0x58129b
io.ReadAtLeast({0xce2f80, 0xc00007a300}, {0xc0002de040, 0x9, 0x9}, 0x9)
	/usr/local/go/src/io/io.go:332 +0x9a fp=0xc0002c2cf8 sp=0xc0002c2cb0 pc=0x4b1d3a
io.ReadFull(...)
	/usr/local/go/src/io/io.go:351
golang.org/x/net/http2.readFrameHeader({0xc0002de040?, 0x9?, 0xc00003a180?}, {0xce2f80?, 0xc00007a300?})
	/home/ubuntu/go/pkg/mod/golang.org/x/net@v0.12.0/http2/frame.go:237 +0x6e fp=0xc0002c2d48 sp=0xc0002c2cf8 pc=0x9e098e
golang.org/x/net/http2.(*Framer).ReadFrame(0xc0002de000)
	/home/ubuntu/go/pkg/mod/golang.org/x/net@v0.12.0/http2/frame.go:498 +0x95 fp=0xc0002c2df8 sp=0xc0002c2d48 pc=0x9e11d5
google.golang.org/grpc/internal/transport.(*http2Server).HandleStreams(0xc000007ba0, 0x0?, 0x0?)
	/home/ubuntu/go/pkg/mod/google.golang.org/grpc@v1.57.0/internal/transport/http2_server.go:642 +0x167 fp=0xc0002c2f10 sp=0xc0002c2df8 pc=0xa10647
google.golang.org/grpc.(*Server).serveStreams(0xc0000a83c0, {0xced018?, 0xc000007ba0})
	/home/ubuntu/go/pkg/mod/google.golang.org/grpc@v1.57.0/server.go:969 +0x162 fp=0xc0002c2f80 sp=0xc0002c2f10 pc=0xa47f22
google.golang.org/grpc.(*Server).handleRawConn.func1()
	/home/ubuntu/go/pkg/mod/google.golang.org/grpc@v1.57.0/server.go:912 +0x46 fp=0xc0002c2fe0 sp=0xc0002c2f80 pc=0xa477c6
runtime.goexit()
	/usr/local/go/src/runtime/asm_amd64.s:1598 +0x1 fp=0xc0002c2fe8 sp=0xc0002c2fe0 pc=0x4682e1
created by google.golang.org/grpc.(*Server).handleRawConn
	/home/ubuntu/go/pkg/mod/google.golang.org/grpc@v1.57.0/server.go:911 +0x185

goroutine 99 [GC worker (idle)]:
runtime.gopark(0x71afb18a9d7bd?, 0xc00005a7d0?, 0xd8?, 0x81?, 0xc0000a83c0?)
	/usr/local/go/src/runtime/proc.go:381 +0xd6 fp=0xc00005a750 sp=0xc00005a730 pc=0x438c96
runtime.gcBgMarkWorker()
	/usr/local/go/src/runtime/mgc.go:1275 +0xf1 fp=0xc00005a7e0 sp=0xc00005a750 pc=0x41b031
runtime.goexit()
	/usr/local/go/src/runtime/asm_amd64.s:1598 +0x1 fp=0xc00005a7e8 sp=0xc00005a7e0 pc=0x4682e1
created by runtime.gcBgMarkStartWorkers
	/usr/local/go/src/runtime/mgc.go:1199 +0x25
